build/app/intermediates/manifest_merge_blame_file/release/manifest-merger-blame-release-report.txt
1<?xml version="1.0" encoding="utf-8"?>
2<manifest xmlns:android="http://schemas.android.com/apk/res/android"
3    package="com.example.mineria"
4    android:versionCode="5"
5    android:versionName="5.0" >
6
7    <uses-sdk
8        android:minSdkVersion="21"
8-->src\main\AndroidManifest.xml
9        android:targetSdkVersion="33" />
9-->src\main\AndroidManifest.xml
10
11    <uses-permission android:name="android.permission.CAMERA" />
11-->src\main\AndroidManifest.xml:3:5-65
11-->src\main\AndroidManifest.xml:3:22-62
12    <uses-permission android:name="android.permission.WRITE_EXTERNAL_STORAGE" />
12-->src\main\AndroidManifest.xml:4:5-81
12-->src\main\AndroidManifest.xml:4:22-78
13    <uses-permission android:name="android.permission.INTERNET" />
13-->src\main\AndroidManifest.xml:5:5-67
13-->src\main\AndroidManifest.xml:5:22-64
14    <uses-permission android:name="android.permission.RECORD_AUDIO" />
14-->[:camera_android] AndroidManifest.xml:10:5-71
14-->[:camera_android] AndroidManifest.xml:10:22-68
15
16    <application
17        android:name="android.app.Application"
17-->src\main\AndroidManifest.xml:8:9-42
18        android:appComponentFactory="androidx.core.app.CoreComponentFactory"
18-->[androidx.core:core:1.8.0] AndroidManifest.xml:24:18-86
19        android:icon="@mipmap/ic_launcher"
19-->src\main\AndroidManifest.xml:9:9-43
20        android:label="mineria" >
20-->src\main\AndroidManifest.xml:7:9-32
21        <activity
21-->src\main\AndroidManifest.xml:10:9-30:20
22            android:name="com.example.mineria.MainActivity"
22-->src\main\AndroidManifest.xml:11:13-41
23            android:configChanges="orientation|keyboardHidden|keyboard|screenSize|smallestScreenSize|locale|layoutDirection|fontScale|screenLayout|density|uiMode"
23-->src\main\AndroidManifest.xml:15:13-163
24            android:exported="true"
24-->src\main\AndroidManifest.xml:12:13-36
25            android:hardwareAccelerated="true"
25-->src\main\AndroidManifest.xml:16:13-47
26            android:launchMode="singleTop"
26-->src\main\AndroidManifest.xml:13:13-43
27            android:theme="@style/LaunchTheme"
27-->src\main\AndroidManifest.xml:14:13-47
28            android:windowSoftInputMode="adjustResize" >
28-->src\main\AndroidManifest.xml:17:13-55
29
30            <!--
31                 Specifies an Android theme to apply to this Activity as soon as
32                 the Android process has started. This theme is visible to the user
33                 while the Flutter UI initializes. After that, this theme continues
34                 to determine the Window background behind the Flutter UI.
35            -->
36            <meta-data
36-->src\main\AndroidManifest.xml:22:13-25:17
37                android:name="io.flutter.embedding.android.NormalTheme"
37-->src\main\AndroidManifest.xml:23:15-70
38                android:resource="@style/NormalTheme" />
38-->src\main\AndroidManifest.xml:24:15-52
39
40            <intent-filter>
40-->src\main\AndroidManifest.xml:26:13-29:29
41                <action android:name="android.intent.action.MAIN" />
41-->src\main\AndroidManifest.xml:27:17-68
41-->src\main\AndroidManifest.xml:27:25-66
42
43                <category android:name="android.intent.category.LAUNCHER" />
43-->src\main\AndroidManifest.xml:28:17-76
43-->src\main\AndroidManifest.xml:28:27-74
44            </intent-filter>
45        </activity>
46        <!--
47             Don't delete the meta-data below.
48             This is used by the Flutter tool to generate GeneratedPluginRegistrant.java
49        -->
50        <meta-data
50-->src\main\AndroidManifest.xml:33:9-35:33
51            android:name="flutterEmbedding"
51-->src\main\AndroidManifest.xml:34:13-44
52            android:value="2" />
52-->src\main\AndroidManifest.xml:35:13-30
53
54        <provider
54-->[:image_picker_android] AndroidManifest.xml:10:9-18:20
55            android:name="io.flutter.plugins.imagepicker.ImagePickerFileProvider"
55-->[:image_picker_android] AndroidManifest.xml:11:13-82
56            android:authorities="com.example.mineria.flutter.image_provider"
56-->[:image_picker_android] AndroidManifest.xml:12:13-74
57            android:exported="false"
57-->[:image_picker_android] AndroidManifest.xml:13:13-37
58            android:grantUriPermissions="true" >
58-->[:image_picker_android] AndroidManifest.xml:14:13-47
59            <meta-data
59-->[:image_picker_android] AndroidManifest.xml:15:13-17:75
60                android:name="android.support.FILE_PROVIDER_PATHS"
60-->[:image_picker_android] AndroidManifest.xml:16:17-67
61                android:resource="@xml/flutter_image_picker_file_paths" />
61-->[:image_picker_android] AndroidManifest.xml:17:17-72
62        </provider>
63
64        <uses-library
64-->[androidx.window:window:1.0.0-beta04] AndroidManifest.xml:25:9-27:40
65            android:name="androidx.window.extensions"
65-->[androidx.window:window:1.0.0-beta04] AndroidManifest.xml:26:13-54
66            android:required="false" />
66-->[androidx.window:window:1.0.0-beta04] AndroidManifest.xml:27:13-37
67        <uses-library
67-->[androidx.window:window:1.0.0-beta04] AndroidManifest.xml:28:9-30:40
68            android:name="androidx.window.sidecar"
68-->[androidx.window:window:1.0.0-beta04] AndroidManifest.xml:29:13-51
69            android:required="false" />
69-->[androidx.window:window:1.0.0-beta04] AndroidManifest.xml:30:13-37
70    </application>
71
72</manifest>